app/build/outputs/mapping/release/seeds.txt
com.cleanup.todoc.database.TodocDatabase
com.cleanup.todoc.ui.TaskViewModel
com.cleanup.todoc.ui.MainActivity
com.cleanup.todoc.database.TodocDatabase_Impl
com.cleanup.todoc.ui.MainActivity$SortMethod: com.cleanup.todoc.ui.MainActivity$SortMethod[] values()
com.cleanup.todoc.database.TodocDatabase: TodocDatabase()
com.cleanup.todoc.ui.MainActivity: MainActivity()
com.cleanup.todoc.database.TodocDatabase_Impl: TodocDatabase_Impl()
com.cleanup.todoc.ui.MainActivity$SortMethod: com.cleanup.todoc.ui.MainActivity$SortMethod valueOf(java.lang.String)
...
android.support.v7.widget.ActivityChooserView$InnerLayout: ActivityChooserView$InnerLayout(android.content.Context,android.util.AttributeSet)
android.support.v7.widget.Toolbar: void setCollapsible(boolean)
android.support.v7.widget.ActionBarContextView: java.lang.CharSequence getSubtitle()
android.support.v7.widget.AppCompatButton: void setBackgroundResource(int)
android.support.v7.widget.ActionBarOverlayLayout: void setOverlayMode(boolean)
android.support.design.transformation.FabTransformationScrimBehavior: FabTransformationScrimBehavior(android.content.Context,android.util.AttributeSet)
android.support.design.widget.CoordinatorLayout: android.graphics.drawable.Drawable getStatusBarBackground()
android.support.v7.widget.ViewStubCompat: android.view.LayoutInflater getLayoutInflater()
android.support.design.widget.FloatingActionButton$BaseBehavior: FloatingActionButton$BaseBehavior()
android.support.v7.widget.LinearLayoutCompat: int getShowDividers()
android.support.v7.widget.MenuPopupWindow$MenuDropDownListView: void setSelector(android.graphics.drawable.Drawable)
android.support.v7.widget.AppCompatImageButton: void setImageURI(android.net.Uri)
android.support.v7.widget.AppCompatSpinner: int getDropDownHorizontalOffset()
android.support.v7.widget.AppCompatImageButton: android.content.res.ColorStateList getSupportBackgroundTintList()
android.support.v7.widget.AppCompatImageButton: android.graphics.PorterDuff$Mode getSupportBackgroundTintMode()
android.support.v7.widget.RecyclerView: void setAdapter(android.support.v7.widget.RecyclerView$Adapter)
android.support.design.button.MaterialButton: android.content.res.ColorStateList getRippleColor()
android.support.design.widget.FloatingActionButton: void setHideMotionSpec(android.support.design.animation.MotionSpec)
android.support.design.internal.NavigationMenuView: int getWindowAnimations()
android.support.v7.widget.RecyclerView: void setScrollingTouchSlop(int)
android.support.v7.widget.Toolbar: void setLogo(int)
android.support.v7.widget.ActionBarOverlayLayout: void setActionBarHideOffset(int)
android.support.graphics.drawable.VectorDrawableCompat$VGroup: void setPivotY(float)
android.support.v7.view.menu.ActionMenuItemView: void setChecked(boolean)
android.support.v7.widget.AppCompatSpinner: android.graphics.drawable.Drawable getPopupBackground()
android.support.design.internal.NavigationMenuItemView: void setChecked(boolean)
android.support.v7.widget.Toolbar: void setOnMenuItemClickListener(android.support.v7.widget.Toolbar$OnMenuItemClickListener)
android.support.design.widget.Snackbar$SnackbarLayout: Snackbar$SnackbarLayout(android.content.Context,android.util.AttributeSet)
android.support.v7.widget.AppCompatTextView: void setBackgroundResource(int)
android.support.design.button.MaterialButton: android.content.res.ColorStateList getSupportBackgroundTintList()
android.support.v7.widget.LinearLayoutCompat: void setBaselineAlignedChildIndex(int)
android.support.design.circularreveal.cardview.CircularRevealCardView: void setRevealInfo(android.support.design.circularreveal.CircularRevealWidget$RevealInfo)
android.support.v7.widget.AppCompatSpinner: int getDropDownVerticalOffset()
android.support.v7.widget.AppCompatEditText: android.graphics.PorterDuff$Mode getSupportBackgroundTintMode()
android.support.v7.widget.AppCompatButton: void setBackgroundDrawable(android.graphics.drawable.Drawable)
android.support.v7.widget.AppCompatSpinner: java.lang.CharSequence getPrompt()
android.support.v7.widget.AppCompatButton: void setSupportBackgroundTintList(android.content.res.ColorStateList)
android.support.graphics.drawable.VectorDrawableCompat$VFullPath: void setFillAlpha(float)
android.support.v7.widget.SearchView: void setOnCloseListener(android.support.v7.widget.SearchView$OnCloseListener)
android.support.v7.widget.Toolbar: java.lang.CharSequence getNavigationContentDescription()