app/build/outputs/mapping/release/mapping.txt
# compiler: R8
# compiler_version: 3.0.62
# min_api: 21
# pg_map_id: 73c29bb
# common_typos_disable
com.cleanup.todoc.database.TodocDatabase -> com.cleanup.todoc.database.TodocDatabase:
    com.cleanup.todoc.database.TodocDatabase INSTANCE -> g
    1:1:android.arch.persistence.room.RoomDatabase$Builder android.arch.persistence.room.Room.databaseBuilder(android.content.Context,java.lang.Class,java.lang.String):0:0 -> h
    1:1:com.cleanup.todoc.database.TodocDatabase getInstance(android.content.Context):0 -> h
    2:2:android.arch.persistence.room.RoomDatabase$Callback prepopulateDatabase():0:0 -> h
    2:2:com.cleanup.todoc.database.TodocDatabase getInstance(android.content.Context):0 -> h
    3:3:android.arch.persistence.room.RoomDatabase$Builder android.arch.persistence.room.RoomDatabase$Builder.addCallback(android.arch.persistence.room.RoomDatabase$Callback):0:0 -> h
    3:3:com.cleanup.todoc.database.TodocDatabase getInstance(android.content.Context):0 -> h
    4:4:com.cleanup.todoc.database.TodocDatabase getInstance(android.content.Context):0:0 -> h
    com.cleanup.todoc.database.dao.ProjectDao projectDao() -> i
    com.cleanup.todoc.database.dao.TaskDao taskDao() -> j
com.cleanup.todoc.database.TodocDatabase$1 -> u0.a:
    1:1:long android.arch.persistence.db.framework.FrameworkSQLiteDatabase.insert(java.lang.String,int,android.content.ContentValues):0:0 -> a
    1:1:void onCreate(android.arch.persistence.db.SupportSQLiteDatabase):0 -> a
    2:2:void onCreate(android.arch.persistence.db.SupportSQLiteDatabase):0:0 -> a
    3:3:long android.arch.persistence.db.framework.FrameworkSQLiteDatabase.insert(java.lang.String,int,android.content.ContentValues):0:0 -> a
    3:3:void onCreate(android.arch.persistence.db.SupportSQLiteDatabase):0 -> a
    4:4:void onCreate(android.arch.persistence.db.SupportSQLiteDatabase):0:0 -> a
    5:5:long android.arch.persistence.db.framework.FrameworkSQLiteDatabase.insert(java.lang.String,int,android.content.ContentValues):0:0 -> a
    5:5:void onCreate(android.arch.persistence.db.SupportSQLiteDatabase):0 -> a
com.cleanup.todoc.database.TodocDatabase_Impl -> com.cleanup.todoc.database.TodocDatabase_Impl:
    com.cleanup.todoc.database.dao.TaskDao _taskDao -> i
    com.cleanup.todoc.database.dao.ProjectDao _projectDao -> h
    android.arch.persistence.room.InvalidationTracker createInvalidationTracker() -> c
    1:1:android.arch.persistence.db.SupportSQLiteOpenHelper android.arch.persistence.db.framework.FrameworkSQLiteOpenHelperFactory.create(android.arch.persistence.db.SupportSQLiteOpenHelper$Configuration):0:0 -> d
    1:1:android.arch.persistence.db.SupportSQLiteOpenHelper createOpenHelper(android.arch.persistence.room.DatabaseConfiguration):0 -> d
    2:2:android.arch.persistence.db.SupportSQLiteOpenHelper$Configuration android.arch.persistence.db.SupportSQLiteOpenHelper$Configuration$Builder.build():0:0 -> d
    2:2:android.arch.persistence.db.SupportSQLiteOpenHelper createOpenHelper(android.arch.persistence.room.DatabaseConfiguration):0 -> d
    com.cleanup.todoc.database.dao.ProjectDao projectDao() -> i
    com.cleanup.todoc.database.dao.TaskDao taskDao() -> j
com.cleanup.todoc.database.TodocDatabase_Impl$1 -> com.cleanup.todoc.database.TodocDatabase_Impl$a:
    com.cleanup.todoc.database.TodocDatabase_Impl this$0 -> b
    1:1:void android.arch.persistence.db.framework.FrameworkSQLiteDatabase.execSQL(java.lang.String):0:0 -> a
    1:1:void createAllTables(android.arch.persistence.db.SupportSQLiteDatabase):0 -> a
    2:2:void createAllTables(android.arch.persistence.db.SupportSQLiteDatabase):0:0 -> a
    3:3:void android.arch.persistence.db.framework.FrameworkSQLiteDatabase.execSQL(java.lang.String):0:0 -> a
    3:3:void createAllTables(android.arch.persistence.db.SupportSQLiteDatabase):0 -> a
com.cleanup.todoc.database.dao.ProjectDao -> v0.a:
...
android.support.v4.view.ViewPropertyAnimatorUpdateListener -> h0.o:
android.support.v4.view.WindowInsetsCompat -> h0.p:
    java.lang.Object mInsets -> a
    int getSystemWindowInsetBottom() -> a
    int getSystemWindowInsetLeft() -> b
    int getSystemWindowInsetRight() -> c
    int getSystemWindowInsetTop() -> d
android.support.v4.view.accessibility.AccessibilityManagerCompat$TouchExplorationStateChangeListener -> i0.a:
android.support.v4.view.accessibility.AccessibilityManagerCompat$TouchExplorationStateChangeListenerWrapper -> i0.b:
    android.support.v4.view.accessibility.AccessibilityManagerCompat$TouchExplorationStateChangeListener mListener -> a
    1:1:void android.support.design.widget.BaseTransientBottomBar$SnackbarBaseLayout$1.onTouchExplorationStateChanged(boolean):0:0 -> onTouchExplorationStateChanged
    1:1:void onTouchExplorationStateChanged(boolean):0 -> onTouchExplorationStateChanged
android.support.v4.view.accessibility.AccessibilityNodeInfoCompat -> i0.c:
    android.view.accessibility.AccessibilityNodeInfo mInfo -> a
    void setCollectionItemInfo(java.lang.Object) -> a
    1:1:void android.support.v4.view.accessibility.AccessibilityNodeInfoCompat.getBoundsInParent(android.graphics.Rect):0:0 -> toString
    1:1:java.lang.String toString():0 -> toString
    2:2:java.lang.String toString():0:0 -> toString
    3:3:void android.support.v4.view.accessibility.AccessibilityNodeInfoCompat.getBoundsInScreen(android.graphics.Rect):0:0 -> toString
    3:3:java.lang.String toString():0 -> toString
    4:4:java.lang.String toString():0:0 -> toString
    5:5:java.lang.CharSequence android.support.v4.view.accessibility.AccessibilityNodeInfoCompat.getPackageName():0:0 -> toString
    5:5:java.lang.String toString():0 -> toString
    6:6:java.lang.String toString():0:0 -> toString
    7:7:java.lang.CharSequence android.support.v4.view.accessibility.AccessibilityNodeInfoCompat.getClassName():0:0 -> toString
    7:7:java.lang.String toString():0 -> toString
    8:8:java.lang.String toString():0:0 -> toString
    9:9:java.lang.CharSequence android.support.v4.view.accessibility.AccessibilityNodeInfoCompat.getText():0:0 -> toString
    9:9:java.lang.String toString():0 -> toString
    10:10:java.lang.String toString():0:0 -> toString
    11:11:java.lang.CharSequence android.support.v4.view.accessibility.AccessibilityNodeInfoCompat.getContentDescription():0:0 -> toString
android.support.v4.view.accessibility.AccessibilityNodeInfoCompat$CollectionItemInfoCompat -> i0.c$a:
    java.lang.Object mInfo -> a
    android.support.v4.view.accessibility.AccessibilityNodeInfoCompat$CollectionItemInfoCompat obtain(int,int,int,int,boolean,boolean) -> a
android.support.v4.view.accessibility.AccessibilityNodeProviderCompat -> i0.d:
    java.lang.Object mProvider -> a
android.support.v4.view.animation.FastOutLinearInInterpolator -> j0.a:
    float[] VALUES -> c
android.support.v4.view.animation.FastOutSlowInInterpolator -> j0.b:
    float[] VALUES -> c
android.support.v4.view.animation.LinearOutSlowInInterpolator -> j0.c:
    float[] VALUES -> c
android.support.v4.view.animation.LookupTableInterpolator -> j0.d:
    float mStepSize -> b
    float[] mValues -> a