app/build/outputs/mapping/release/usage.txt
com.cleanup.todoc.BuildConfig
com.cleanup.todoc.R$anim
com.cleanup.todoc.R$animator
com.cleanup.todoc.R$attr
com.cleanup.todoc.R$bool
com.cleanup.todoc.R$color
com.cleanup.todoc.R$dimen
com.cleanup.todoc.R$drawable
com.cleanup.todoc.R$id
com.cleanup.todoc.R$integer
com.cleanup.todoc.R$interpolator
com.cleanup.todoc.R$layout
com.cleanup.todoc.R$menu
com.cleanup.todoc.R$mipmap
com.cleanup.todoc.R$string
com.cleanup.todoc.R$style
com.cleanup.todoc.R$styleable
com.cleanup.todoc.R
com.cleanup.todoc.database.dao.ProjectDao:
    public abstract void deleteProject(com.cleanup.todoc.model.Project)
    public abstract void insertProject(com.cleanup.todoc.model.Project)
com.cleanup.todoc.database.dao.ProjectDao_Impl:
    public void deleteProject(com.cleanup.todoc.model.Project)
    public void insertProject(com.cleanup.todoc.model.Project)
com.cleanup.todoc.injections.Injection:
    public void <init>()
com.cleanup.todoc.model.Task:
    public long getCreationTimestamp()
    public long getProjectId()
com.cleanup.todoc.repositories.ProjectDataRepository:
    public void insertProject(com.cleanup.todoc.model.Project)
com.cleanup.todoc.ui.TaskViewModel:
    public void insertProject(com.cleanup.todoc.model.Project)
    private synthetic void lambda$insertProject$0(com.cleanup.todoc.model.Project)
com.cleanup.todoc.database.TodocDatabase:
    public static android.arch.persistence.room.RoomDatabase$Callback prepopulateDatabase()
com.cleanup.todoc.database.TodocDatabase_Impl$1:
    public void dropAllTables(android.arch.persistence.db.SupportSQLiteDatabase)
    public void onCreate(android.arch.persistence.db.SupportSQLiteDatabase)
    public void onOpen(android.arch.persistence.db.SupportSQLiteDatabase)
    public void validateMigration(android.arch.persistence.db.SupportSQLiteDatabase)
com.cleanup.todoc.database.TodocDatabase_Impl:
    public static synthetic java.util.List access$000(com.cleanup.todoc.database.TodocDatabase_Impl)
    public static synthetic java.util.List access$100(com.cleanup.todoc.database.TodocDatabase_Impl)
    public static synthetic java.util.List access$200(com.cleanup.todoc.database.TodocDatabase_Impl)
    public static synthetic android.arch.persistence.db.SupportSQLiteDatabase access$302(com.cleanup.todoc.database.TodocDatabase_Impl,android.arch.persistence.db.SupportSQLiteDatabase)
    public static void access$400(com.cleanup.todoc.database.TodocDatabase_Impl,android.arch.persistence.db.SupportSQLiteDatabase)
    public static synthetic java.util.List access$500(com.cleanup.todoc.database.TodocDatabase_Impl)
    public static synthetic java.util.List access$600(com.cleanup.todoc.database.TodocDatabase_Impl)
    public static synthetic java.util.List access$700(com.cleanup.todoc.database.TodocDatabase_Impl)
com.cleanup.todoc.database.dao.ProjectDao:
    public abstract android.arch.lifecycle.LiveData getAllProjects()
com.cleanup.todoc.database.dao.ProjectDao_Impl$1
com.cleanup.todoc.database.dao.ProjectDao_Impl$2
com.cleanup.todoc.database.dao.ProjectDao_Impl$3:
    public java.util.List compute()
com.cleanup.todoc.database.dao.ProjectDao_Impl:
    public final android.arch.persistence.room.EntityDeletionOrUpdateAdapter __deletionAdapterOfProject
    public final android.arch.persistence.room.EntityDeletionOrUpdateAdapter __insertionAdapterOfProject
    public static synthetic android.arch.persistence.room.RoomDatabase access$000(com.cleanup.todoc.database.dao.ProjectDao_Impl)
    public android.arch.lifecycle.LiveData getAllProjects()
com.cleanup.todoc.database.dao.TaskDao:
    public abstract void deleteTask(com.cleanup.todoc.model.Task)
    public abstract android.arch.lifecycle.LiveData getAllTasks()
    public abstract void insertTask(com.cleanup.todoc.model.Task)
com.cleanup.todoc.database.dao.TaskDao_Impl$1:
    public final synthetic com.cleanup.todoc.database.dao.TaskDao_Impl this$0
    public void bind(android.arch.persistence.db.framework.FrameworkSQLiteProgram,com.cleanup.todoc.model.Task)
...
android.support.design.R$string
android.support.design.R$style:
    public static final int AlertDialog_AppCompat
    public static final int AlertDialog_AppCompat_Light
    public static final int Animation_AppCompat_Dialog
    public static final int Animation_AppCompat_DropDownUp
    public static final int Animation_AppCompat_Tooltip
    public static final int Animation_Design_BottomSheetDialog
    public static final int Base_AlertDialog_AppCompat
    public static final int Base_AlertDialog_AppCompat_Light
    public static final int Base_Animation_AppCompat_Dialog
    public static final int Base_Animation_AppCompat_DropDownUp
    public static final int Base_Animation_AppCompat_Tooltip
    public static final int Base_CardView
    public static final int Base_DialogWindowTitleBackground_AppCompat
    public static final int Base_DialogWindowTitle_AppCompat
    public static final int Base_TextAppearance_AppCompat
    public static final int Base_TextAppearance_AppCompat_Body1
    public static final int Base_TextAppearance_AppCompat_Body2
    public static final int Base_TextAppearance_AppCompat_Button
    public static final int Base_TextAppearance_AppCompat_Caption
    public static final int Base_TextAppearance_AppCompat_Display1
    public static final int Base_TextAppearance_AppCompat_Display2
    public static final int Base_TextAppearance_AppCompat_Display3
    public static final int Base_TextAppearance_AppCompat_Display4
    public static final int Base_TextAppearance_AppCompat_Headline
android.support.design.R$styleable:
    public static final int ActionBarLayout_android_layout_gravity
    public static final int ActionBar_background
    public static final int ActionBar_backgroundSplit
    public static final int ActionBar_backgroundStacked
    public static final int ActionBar_contentInsetEnd
    public static final int ActionBar_contentInsetEndWithActions
    public static final int ActionBar_contentInsetLeft
    public static final int ActionBar_contentInsetRight
    public static final int ActionBar_contentInsetStart
    public static final int ActionBar_contentInsetStartWithNavigation
    public static final int ActionBar_customNavigationLayout
    public static final int ActionBar_displayOptions
    public static final int ActionBar_divider
    public static final int ActionBar_elevation
    public static final int ActionBar_height
    public static final int ActionBar_hideOnContentScroll
    public static final int ActionBar_homeAsUpIndicator
    public static final int ActionBar_homeLayout
    public static final int ActionBar_icon
    public static final int ActionBar_indeterminateProgressStyle
    public static final int ActionBar_itemPadding
    public static final int ActionBar_logo
    public static final int ActionBar_navigationMode
    public static final int ActionBar_popupTheme
    public static final int ActionBar_progressBarPadding
    public static final int ActionBar_progressBarStyle
    public static final int ActionBar_subtitle
android.support.design.R
android.support.design.animation.AnimationUtils:
    public void <init>()
    public static int lerp(int,int,float)
android.support.design.animation.AnimatorSetCompat:
    public void <init>()
android.support.design.animation.MotionSpec:
    private static final java.lang.String TAG
android.support.design.behavior.HideBottomViewOnScrollBehavior:
    protected static final int ENTER_ANIMATION_DURATION
    protected static final int EXIT_ANIMATION_DURATION
    private static final int STATE_SCROLLED_DOWN
    private static final int STATE_SCROLLED_UP
android.support.design.bottomappbar.BottomAppBar$5
android.support.design.bottomappbar.BottomAppBar$6
android.support.design.bottomappbar.BottomAppBar$7
android.support.design.bottomappbar.BottomAppBar$FabAlignmentMode